[debug] [2023-09-26T07:44:36.870Z] ----------------------------------------------------------------------
[debug] [2023-09-26T07:44:36.872Z] Command:       C:\Program Files\nodejs\node.exe C:\Users\dhruv\AppData\Roaming\npm\node_modules\firebase-tools\lib\bin\firebase.js emulators:start
[debug] [2023-09-26T07:44:36.872Z] CLI Version:   12.5.4
[debug] [2023-09-26T07:44:36.873Z] Platform:      win32
[debug] [2023-09-26T07:44:36.873Z] Node Version:  v18.17.1
[debug] [2023-09-26T07:44:36.873Z] Time:          Tue Sep 26 2023 13:14:36 GMT+0530 (India Standard Time)
[debug] [2023-09-26T07:44:36.874Z] ----------------------------------------------------------------------
[debug] 
[debug] [2023-09-26T07:44:36.969Z] > command requires scopes: ["email","openid","https://www.googleapis.com/auth/cloudplatformprojects.readonly","https://www.googleapis.com/auth/firebase","https://www.googleapis.com/auth/cloud-platform"]
[debug] [2023-09-26T07:44:36.970Z] > authorizing via signed-in user (mohitrana1276@gmail.com)
[debug] [2023-09-26T07:44:37.044Z] java version "11.0.19" 2023-04-18 LTS
Java(TM) SE Runtime Environment 18.9 (build 11.0.19+9-LTS-224)

[debug] [2023-09-26T07:44:37.044Z] Java HotSpot(TM) 64-Bit Server VM 18.9 (build 11.0.19+9-LTS-224, mixed mode)

[debug] [2023-09-26T07:44:37.054Z] Parsed Java major version: 11
[info] i  emulators: Starting emulators: auth, firestore, hosting {"metadata":{"emulator":{"name":"hub"},"message":"Starting emulators: auth, firestore, hosting"}}
[debug] [2023-09-26T07:44:37.070Z] [logging] Logging Emulator only supports listening on one address (127.0.0.1). Not listening on ::1
[debug] [2023-09-26T07:44:37.071Z] [auth] Authentication Emulator only supports listening on one address (127.0.0.1). Not listening on ::1
[debug] [2023-09-26T07:44:37.071Z] [firestore] Firestore Emulator only supports listening on one address (127.0.0.1). Not listening on ::1
[debug] [2023-09-26T07:44:37.071Z] [firestore.websocket] websocket server for firestore only supports listening on one address (127.0.0.1). Not listening on ::1
[debug] [2023-09-26T07:44:37.072Z] [hosting] Hosting Emulator only supports listening on one address (127.0.0.1). Not listening on ::1
[debug] [2023-09-26T07:44:37.072Z] assigned listening specs for emulators {"user":{"hub":[{"address":"127.0.0.1","family":"IPv4","port":4400},{"address":"::1","family":"IPv6","port":4400}],"ui":[{"address":"127.0.0.1","family":"IPv4","port":4000},{"address":"::1","family":"IPv6","port":4000}],"logging":[{"address":"127.0.0.1","family":"IPv4","port":4500}],"auth":[{"address":"127.0.0.1","family":"IPv4","port":9099}],"firestore":[{"address":"127.0.0.1","family":"IPv4","port":8080}],"firestore.websocket":[{"address":"127.0.0.1","family":"IPv4","port":9150}],"hosting":[{"address":"127.0.0.1","family":"IPv4","port":5000}]},"metadata":{"message":"assigned listening specs for emulators"}}
[debug] [2023-09-26T07:44:37.086Z] [hub] writing locator at C:\Users\dhruv\AppData\Local\Temp\hub-test-fc9ca.json
[debug] [2023-09-26T07:44:37.102Z] Ignoring unsupported arg: auto_download {"metadata":{"emulator":{"name":"firestore"},"message":"Ignoring unsupported arg: auto_download"}}
[debug] [2023-09-26T07:44:37.102Z] Ignoring unsupported arg: single_project_mode_error {"metadata":{"emulator":{"name":"firestore"},"message":"Ignoring unsupported arg: single_project_mode_error"}}
[debug] [2023-09-26T07:44:37.102Z] Starting Firestore Emulator with command {"binary":"java","args":["-Dgoogle.cloud_firestore.debug_log_level=FINE","-Duser.language=en","-jar","C:\\Users\\dhruv\\.cache\\firebase\\emulators\\cloud-firestore-emulator-v1.18.2.jar","--host","127.0.0.1","--port",8080,"--websocket_port",9150,"--project_id","test-fc9ca","--rules","C:\\Users\\dhruv\\Documents\\Workspace\\codingProjects\\my-login-dashboard\\firestore.rules","--single_project_mode",true],"optionalArgs":["port","webchannel_port","host","rules","websocket_port","functions_emulator","seed_from_export","project_id","single_project_mode"],"joinArgs":false} {"metadata":{"emulator":{"name":"firestore"},"message":"Starting Firestore Emulator with command {\"binary\":\"java\",\"args\":[\"-Dgoogle.cloud_firestore.debug_log_level=FINE\",\"-Duser.language=en\",\"-jar\",\"C:\\\\Users\\\\dhruv\\\\.cache\\\\firebase\\\\emulators\\\\cloud-firestore-emulator-v1.18.2.jar\",\"--host\",\"127.0.0.1\",\"--port\",8080,\"--websocket_port\",9150,\"--project_id\",\"test-fc9ca\",\"--rules\",\"C:\\\\Users\\\\dhruv\\\\Documents\\\\Workspace\\\\codingProjects\\\\my-login-dashboard\\\\firestore.rules\",\"--single_project_mode\",true],\"optionalArgs\":[\"port\",\"webchannel_port\",\"host\",\"rules\",\"websocket_port\",\"functions_emulator\",\"seed_from_export\",\"project_id\",\"single_project_mode\"],\"joinArgs\":false}"}}
[info] i  firestore: Firestore Emulator logging to firestore-debug.log {"metadata":{"emulator":{"name":"firestore"},"message":"Firestore Emulator logging to \u001b[1mfirestore-debug.log\u001b[22m"}}
[debug] [2023-09-26T07:44:38.818Z] Sep 26, 2023 1:14:38 PM com.google.cloud.datastore.emulator.firestore.websocket.WebSocketServer start
INFO: Started WebSocket server on ws://127.0.0.1:9150
 {"metadata":{"emulator":{"name":"firestore"},"message":"Sep 26, 2023 1:14:38 PM com.google.cloud.datastore.emulator.firestore.websocket.WebSocketServer start\r\nINFO: Started WebSocket server on ws://127.0.0.1:9150\r\n"}}
[debug] [2023-09-26T07:44:38.871Z] API endpoint: http://127.0.0.1:8080
 {"metadata":{"emulator":{"name":"firestore"},"message":"API endpoint: http://127.0.0.1:8080\n"}}
[debug] [2023-09-26T07:44:38.872Z] If you are using a library that supports the FIRESTORE_EMULATOR_HOST environment variable, run:

   export FIRESTORE_EMULATOR_HOST=127.0.0.1:8080

Dev App Server is now running.

 {"metadata":{"emulator":{"name":"firestore"},"message":"If you are using a library that supports the FIRESTORE_EMULATOR_HOST environment variable, run:\r\n\n   export FIRESTORE_EMULATOR_HOST=127.0.0.1:8080\n\nDev App Server is now running.\n\r\n"}}
[info] +  firestore: Firestore Emulator UI websocket is running on 9150. {"metadata":{"emulator":{"name":"firestore"},"message":"Firestore Emulator UI websocket is running on 9150."}}
[debug] [2023-09-26T07:44:45.085Z] >>> [apiv2][query] GET https://firebasehosting.googleapis.com/v1beta1/projects/test-fc9ca/sites 
[debug] [2023-09-26T07:44:46.353Z] <<< [apiv2][status] GET https://firebasehosting.googleapis.com/v1beta1/projects/test-fc9ca/sites 200
[debug] [2023-09-26T07:44:46.353Z] <<< [apiv2][body] GET https://firebasehosting.googleapis.com/v1beta1/projects/test-fc9ca/sites {"sites":[{"name":"projects/test-fc9ca/sites/test-fc9ca","defaultUrl":"https://test-fc9ca.web.app","appId":"1:80533414719:web:02c1fc878a66eced7de98a","type":"DEFAULT_SITE"}]}
[debug] [2023-09-26T07:44:46.353Z] >>> [apiv2][query] GET https://firebase.googleapis.com/v1beta1/projects/test-fc9ca/webApps/1:80533414719:web:02c1fc878a66eced7de98a/config [none]
[debug] [2023-09-26T07:44:47.291Z] <<< [apiv2][status] GET https://firebase.googleapis.com/v1beta1/projects/test-fc9ca/webApps/1:80533414719:web:02c1fc878a66eced7de98a/config 200
[debug] [2023-09-26T07:44:47.291Z] <<< [apiv2][body] GET https://firebase.googleapis.com/v1beta1/projects/test-fc9ca/webApps/1:80533414719:web:02c1fc878a66eced7de98a/config {"projectId":"test-fc9ca","appId":"1:80533414719:web:02c1fc878a66eced7de98a","storageBucket":"test-fc9ca.appspot.com","apiKey":"AIzaSyC4e1EbwHocLupO4IwDsTb3xZuOcj3SwbE","authDomain":"test-fc9ca.firebaseapp.com","messagingSenderId":"80533414719","measurementId":"G-WZLD0JDXF3"}
[debug] [2023-09-26T07:44:47.298Z] >>> [apiv2][query] GET https://firebase.googleapis.com/v1beta1/projects/test-fc9ca [none]
[debug] [2023-09-26T07:44:47.791Z] <<< [apiv2][status] GET https://firebase.googleapis.com/v1beta1/projects/test-fc9ca 200
[debug] [2023-09-26T07:44:47.791Z] <<< [apiv2][body] GET https://firebase.googleapis.com/v1beta1/projects/test-fc9ca {"projectId":"test-fc9ca","projectNumber":"80533414719","displayName":"test","name":"projects/test-fc9ca","resources":{"hostingSite":"test-fc9ca"},"state":"ACTIVE","etag":"1_f3df3cb1-aad8-4a9c-9fda-0250a3e0f36c"}
[info] i  hosting[test-fc9ca]: Serving hosting files from: dist {"metadata":{"emulator":{"name":"hosting"},"message":"Serving hosting files from: \u001b[1mdist\u001b[22m"}}
[info] +  hosting[test-fc9ca]: Local server: http://127.0.0.1:5000 {"metadata":{"emulator":{"name":"hosting"},"message":"Local server: \u001b[4m\u001b[1mhttp://127.0.0.1:5000\u001b[22m\u001b[24m"}}
[info] i  ui: downloading ui-v1.11.7.zip... {"metadata":{"emulator":{"name":"ui"},"message":"downloading ui-v1.11.7.zip..."}}
[debug] [2023-09-26T07:44:47.828Z] >>> [apiv2][query] GET https://storage.googleapis.com/firebase-preview-drop/emulator/ui-v1.11.7.zip 
[debug] [2023-09-26T07:44:48.179Z] <<< [apiv2][status] GET https://storage.googleapis.com/firebase-preview-drop/emulator/ui-v1.11.7.zip 200
[debug] [2023-09-26T07:44:48.179Z] <<< [apiv2][body] GET https://storage.googleapis.com/firebase-preview-drop/emulator/ui-v1.11.7.zip [stream]
[debug] [2023-09-26T07:44:48.542Z] Data is 3064105
[debug] [2023-09-26T07:44:48.542Z] [unzip] Entry: client/ (compressed_size=0 bytes, uncompressed_size=0 bytes)
[debug] [2023-09-26T07:44:48.542Z] [unzip] Processing entry: client\
[debug] [2023-09-26T07:44:48.542Z] [unzip] mkdir: C:\Users\dhruv\.cache\firebase\emulators\ui-v1.11.7\client\
[debug] [2023-09-26T07:44:48.543Z] [unzip] Entry: client/favicon.ico (compressed_size=2497 bytes, uncompressed_size=7406 bytes)
[debug] [2023-09-26T07:44:48.543Z] [unzip] Processing entry: client\favicon.ico
[debug] [2023-09-26T07:44:48.543Z] [unzip] else mkdir: C:\Users\dhruv\.cache\firebase\emulators\ui-v1.11.7\client
[debug] [2023-09-26T07:44:48.544Z] [unzip] deflating: C:\Users\dhruv\.cache\firebase\emulators\ui-v1.11.7\client\favicon.ico
[debug] [2023-09-26T07:44:48.546Z] [unzip] Entry: client/apple-touch-icon.png (compressed_size=7231 bytes, uncompressed_size=7367 bytes)
[debug] [2023-09-26T07:44:48.546Z] [unzip] Processing entry: client\apple-touch-icon.png
[debug] [2023-09-26T07:44:48.547Z] [unzip] else mkdir: C:\Users\dhruv\.cache\firebase\emulators\ui-v1.11.7\client
[debug] [2023-09-26T07:44:48.547Z] [unzip] deflating: C:\Users\dhruv\.cache\firebase\emulators\ui-v1.11.7\client\apple-touch-icon.png
[debug] [2023-09-26T07:44:48.548Z] [unzip] Entry: client/android-chrome-512x512.png (compressed_size=16987 bytes, uncompressed_size=18186 bytes)
[debug] [2023-09-26T07:44:48.548Z] [unzip] Processing entry: client\android-chrome-512x512.png
[debug] [2023-09-26T07:44:48.548Z] [unzip] else mkdir: C:\Users\dhruv\.cache\firebase\emulators\ui-v1.11.7\client
[debug] [2023-09-26T07:44:48.548Z] [unzip] deflating: C:\Users\dhruv\.cache\firebase\emulators\ui-v1.11.7\client\android-chrome-512x512.png
[debug] [2023-09-26T07:44:48.550Z] [unzip] Entry: client/assets/ (compressed_size=0 bytes, uncompressed_size=0 bytes)
[debug] [2023-09-26T07:44:48.551Z] [unzip] Processing entry: client\assets\
[debug] [2023-09-26T07:44:48.551Z] [unzip] mkdir: C:\Users\dhruv\.cache\firebase\emulators\ui-v1.11.7\client\assets\
[debug] [2023-09-26T07:44:48.551Z] [unzip] Entry: client/assets/extensions/ (compressed_size=0 bytes, uncompressed_size=0 bytes)
[debug] [2023-09-26T07:44:48.551Z] [unzip] Processing entry: client\assets\extensions\
[debug] [2023-09-26T07:44:48.551Z] [unzip] mkdir: C:\Users\dhruv\.cache\firebase\emulators\ui-v1.11.7\client\assets\extensions\
[debug] [2023-09-26T07:44:48.552Z] [unzip] Entry: client/assets/extensions/default-extension.png (compressed_size=1646 bytes, uncompressed_size=1657 bytes)
[debug] [2023-09-26T07:44:48.552Z] [unzip] Processing entry: client\assets\extensions\default-extension.png
[debug] [2023-09-26T07:44:48.552Z] [unzip] else mkdir: C:\Users\dhruv\.cache\firebase\emulators\ui-v1.11.7\client\assets\extensions
[debug] [2023-09-26T07:44:48.552Z] [unzip] deflating: C:\Users\dhruv\.cache\firebase\emulators\ui-v1.11.7\client\assets\extensions\default-extension.png
[debug] [2023-09-26T07:44:48.554Z] [unzip] Entry: client/assets/index.58ca09f7.css (compressed_size=37601 bytes, uncompressed_size=321252 bytes)
[debug] [2023-09-26T07:44:48.554Z] [unzip] Processing entry: client\assets\index.58ca09f7.css
[debug] [2023-09-26T07:44:48.555Z] [unzip] else mkdir: C:\Users\dhruv\.cache\firebase\emulators\ui-v1.11.7\client\assets
[debug] [2023-09-26T07:44:48.555Z] [unzip] deflating: C:\Users\dhruv\.cache\firebase\emulators\ui-v1.11.7\client\assets\index.58ca09f7.css
[debug] [2023-09-26T07:44:48.562Z] [unzip] Entry: client/assets/index.c2583d42.js (compressed_size=526232 bytes, uncompressed_size=1860152 bytes)
[debug] [2023-09-26T07:44:48.562Z] [unzip] Processing entry: client\assets\index.c2583d42.js
[debug] [2023-09-26T07:44:48.562Z] [unzip] else mkdir: C:\Users\dhruv\.cache\firebase\emulators\ui-v1.11.7\client\assets
[debug] [2023-09-26T07:44:48.562Z] [unzip] deflating: C:\Users\dhruv\.cache\firebase\emulators\ui-v1.11.7\client\assets\index.c2583d42.js
[debug] [2023-09-26T07:44:48.581Z] [unzip] Entry: client/assets/provider-icons/ (compressed_size=0 bytes, uncompressed_size=0 bytes)
[debug] [2023-09-26T07:44:48.582Z] [unzip] Processing entry: client\assets\provider-icons\
[debug] [2023-09-26T07:44:48.582Z] [unzip] mkdir: C:\Users\dhruv\.cache\firebase\emulators\ui-v1.11.7\client\assets\provider-icons\
[debug] [2023-09-26T07:44:48.582Z] [unzip] Entry: client/assets/provider-icons/auth_service_oidc.svg (compressed_size=414 bytes, uncompressed_size=858 bytes)
[debug] [2023-09-26T07:44:48.582Z] [unzip] Processing entry: client\assets\provider-icons\auth_service_oidc.svg
[debug] [2023-09-26T07:44:48.582Z] [unzip] else mkdir: C:\Users\dhruv\.cache\firebase\emulators\ui-v1.11.7\client\assets\provider-icons
[debug] [2023-09-26T07:44:48.583Z] [unzip] deflating: C:\Users\dhruv\.cache\firebase\emulators\ui-v1.11.7\client\assets\provider-icons\auth_service_oidc.svg
[debug] [2023-09-26T07:44:48.584Z] [unzip] Entry: client/assets/provider-icons/auth_service_yahoo.svg (compressed_size=577 bytes, uncompressed_size=1182 bytes)
[debug] [2023-09-26T07:44:48.584Z] [unzip] Processing entry: client\assets\provider-icons\auth_service_yahoo.svg
[debug] [2023-09-26T07:44:48.584Z] [unzip] else mkdir: C:\Users\dhruv\.cache\firebase\emulators\ui-v1.11.7\client\assets\provider-icons
[debug] [2023-09-26T07:44:48.584Z] [unzip] deflating: C:\Users\dhruv\.cache\firebase\emulators\ui-v1.11.7\client\assets\provider-icons\auth_service_yahoo.svg
[debug] [2023-09-26T07:44:48.586Z] [unzip] Entry: client/assets/provider-icons/auth_service_phone.svg (compressed_size=261 bytes, uncompressed_size=414 bytes)
[debug] [2023-09-26T07:44:48.586Z] [unzip] Processing entry: client\assets\provider-icons\auth_service_phone.svg
[debug] [2023-09-26T07:44:48.586Z] [unzip] else mkdir: C:\Users\dhruv\.cache\firebase\emulators\ui-v1.11.7\client\assets\provider-icons
[debug] [2023-09-26T07:44:48.586Z] [unzip] deflating: C:\Users\dhruv\.cache\firebase\emulators\ui-v1.11.7\client\assets\provider-icons\auth_service_phone.svg
[debug] [2023-09-26T07:44:48.588Z] [unzip] Entry: client/assets/provider-icons/auth_service_saml.svg (compressed_size=575 bytes, uncompressed_size=1226 bytes)
[debug] [2023-09-26T07:44:48.588Z] [unzip] Processing entry: client\assets\provider-icons\auth_service_saml.svg
[debug] [2023-09-26T07:44:48.588Z] [unzip] else mkdir: C:\Users\dhruv\.cache\firebase\emulators\ui-v1.11.7\client\assets\provider-icons
[debug] [2023-09-26T07:44:48.588Z] [unzip] deflating: C:\Users\dhruv\.cache\firebase\emulators\ui-v1.11.7\client\assets\provider-icons\auth_service_saml.svg
[debug] [2023-09-26T07:44:48.591Z] [unzip] Entry: client/assets/provider-icons/auth_service_mslive.svg (compressed_size=203 bytes, uncompressed_size=378 bytes)
[debug] [2023-09-26T07:44:48.591Z] [unzip] Processing entry: client\assets\provider-icons\auth_service_mslive.svg
[debug] [2023-09-26T07:44:48.591Z] [unzip] else mkdir: C:\Users\dhruv\.cache\firebase\emulators\ui-v1.11.7\client\assets\provider-icons
[debug] [2023-09-26T07:44:48.591Z] [unzip] deflating: C:\Users\dhruv\.cache\firebase\emulators\ui-v1.11.7\client\assets\provider-icons\auth_service_mslive.svg
[debug] [2023-09-26T07:44:48.593Z] [unzip] Entry: client/assets/provider-icons/auth_service_facebook.svg (compressed_size=289 bytes, uncompressed_size=457 bytes)
[debug] [2023-09-26T07:44:48.593Z] [unzip] Processing entry: client\assets\provider-icons\auth_service_facebook.svg
[debug] [2023-09-26T07:44:48.594Z] [unzip] else mkdir: C:\Users\dhruv\.cache\firebase\emulators\ui-v1.11.7\client\assets\provider-icons
[debug] [2023-09-26T07:44:48.594Z] [unzip] deflating: C:\Users\dhruv\.cache\firebase\emulators\ui-v1.11.7\client\assets\provider-icons\auth_service_facebook.svg
[debug] [2023-09-26T07:44:48.596Z] [unzip] Entry: client/assets/provider-icons/auth_service_play_games.svg (compressed_size=565 bytes, uncompressed_size=1173 bytes)
[debug] [2023-09-26T07:44:48.597Z] [unzip] Processing entry: client\assets\provider-icons\auth_service_play_games.svg
[debug] [2023-09-26T07:44:48.597Z] [unzip] else mkdir: C:\Users\dhruv\.cache\firebase\emulators\ui-v1.11.7\client\assets\provider-icons
[debug] [2023-09-26T07:44:48.597Z] [unzip] deflating: C:\Users\dhruv\.cache\firebase\emulators\ui-v1.11.7\client\assets\provider-icons\auth_service_play_games.svg
[debug] [2023-09-26T07:44:48.598Z] [unzip] Entry: client/assets/provider-icons/auth_service_github.svg (compressed_size=466 bytes, uncompressed_size=838 bytes)
[debug] [2023-09-26T07:44:48.598Z] [unzip] Processing entry: client\assets\provider-icons\auth_service_github.svg
[debug] [2023-09-26T07:44:48.598Z] [unzip] else mkdir: C:\Users\dhruv\.cache\firebase\emulators\ui-v1.11.7\client\assets\provider-icons
[debug] [2023-09-26T07:44:48.599Z] [unzip] deflating: C:\Users\dhruv\.cache\firebase\emulators\ui-v1.11.7\client\assets\provider-icons\auth_service_github.svg
[debug] [2023-09-26T07:44:48.600Z] [unzip] Entry: client/assets/provider-icons/auth_service_apple.svg (compressed_size=230 bytes, uncompressed_size=334 bytes)
[debug] [2023-09-26T07:44:48.600Z] [unzip] Processing entry: client\assets\provider-icons\auth_service_apple.svg
[debug] [2023-09-26T07:44:48.600Z] [unzip] else mkdir: C:\Users\dhruv\.cache\firebase\emulators\ui-v1.11.7\client\assets\provider-icons
[debug] [2023-09-26T07:44:48.601Z] [unzip] deflating: C:\Users\dhruv\.cache\firebase\emulators\ui-v1.11.7\client\assets\provider-icons\auth_service_apple.svg
[debug] [2023-09-26T07:44:48.602Z] [unzip] Entry: client/assets/provider-icons/auth_service_google.svg (compressed_size=409 bytes, uncompressed_size=720 bytes)
[debug] [2023-09-26T07:44:48.602Z] [unzip] Processing entry: client\assets\provider-icons\auth_service_google.svg
[debug] [2023-09-26T07:44:48.602Z] [unzip] else mkdir: C:\Users\dhruv\.cache\firebase\emulators\ui-v1.11.7\client\assets\provider-icons
[debug] [2023-09-26T07:44:48.602Z] [unzip] deflating: C:\Users\dhruv\.cache\firebase\emulators\ui-v1.11.7\client\assets\provider-icons\auth_service_google.svg
[debug] [2023-09-26T07:44:48.604Z] [unzip] Entry: client/assets/provider-icons/auth_service_email.svg (compressed_size=228 bytes, uncompressed_size=326 bytes)
[debug] [2023-09-26T07:44:48.604Z] [unzip] Processing entry: client\assets\provider-icons\auth_service_email.svg
[debug] [2023-09-26T07:44:48.604Z] [unzip] else mkdir: C:\Users\dhruv\.cache\firebase\emulators\ui-v1.11.7\client\assets\provider-icons
[debug] [2023-09-26T07:44:48.605Z] [unzip] deflating: C:\Users\dhruv\.cache\firebase\emulators\ui-v1.11.7\client\assets\provider-icons\auth_service_email.svg
[debug] [2023-09-26T07:44:48.606Z] [unzip] Entry: client/assets/provider-icons/auth_service_twitter.svg (compressed_size=444 bytes, uncompressed_size=751 bytes)
[debug] [2023-09-26T07:44:48.606Z] [unzip] Processing entry: client\assets\provider-icons\auth_service_twitter.svg
[debug] [2023-09-26T07:44:48.606Z] [unzip] else mkdir: C:\Users\dhruv\.cache\firebase\emulators\ui-v1.11.7\client\assets\provider-icons
[debug] [2023-09-26T07:44:48.606Z] [unzip] deflating: C:\Users\dhruv\.cache\firebase\emulators\ui-v1.11.7\client\assets\provider-icons\auth_service_twitter.svg
[debug] [2023-09-26T07:44:48.608Z] [unzip] Entry: client/assets/provider-icons/auth_service_game_center.svg (compressed_size=991 bytes, uncompressed_size=3921 bytes)
[debug] [2023-09-26T07:44:48.608Z] [unzip] Processing entry: client\assets\provider-icons\auth_service_game_center.svg
[debug] [2023-09-26T07:44:48.608Z] [unzip] else mkdir: C:\Users\dhruv\.cache\firebase\emulators\ui-v1.11.7\client\assets\provider-icons
[debug] [2023-09-26T07:44:48.608Z] [unzip] deflating: C:\Users\dhruv\.cache\firebase\emulators\ui-v1.11.7\client\assets\provider-icons\auth_service_game_center.svg
[debug] [2023-09-26T07:44:48.610Z] [unzip] Entry: client/assets/index.c2583d42.js.map (compressed_size=1778557 bytes, uncompressed_size=7961927 bytes)
[debug] [2023-09-26T07:44:48.610Z] [unzip] Processing entry: client\assets\index.c2583d42.js.map
[debug] [2023-09-26T07:44:48.610Z] [unzip] else mkdir: C:\Users\dhruv\.cache\firebase\emulators\ui-v1.11.7\client\assets
[debug] [2023-09-26T07:44:48.610Z] [unzip] deflating: C:\Users\dhruv\.cache\firebase\emulators\ui-v1.11.7\client\assets\index.c2583d42.js.map
[debug] [2023-09-26T07:44:48.677Z] [unzip] Entry: client/assets/img/ (compressed_size=0 bytes, uncompressed_size=0 bytes)
[debug] [2023-09-26T07:44:48.677Z] [unzip] Processing entry: client\assets\img\
[debug] [2023-09-26T07:44:48.677Z] [unzip] mkdir: C:\Users\dhruv\.cache\firebase\emulators\ui-v1.11.7\client\assets\img\
[debug] [2023-09-26T07:44:48.678Z] [unzip] Entry: client/assets/img/database.png (compressed_size=29449 bytes, uncompressed_size=29988 bytes)
[debug] [2023-09-26T07:44:48.678Z] [unzip] Processing entry: client\assets\img\database.png
[debug] [2023-09-26T07:44:48.678Z] [unzip] else mkdir: C:\Users\dhruv\.cache\firebase\emulators\ui-v1.11.7\client\assets\img
[debug] [2023-09-26T07:44:48.678Z] [unzip] deflating: C:\Users\dhruv\.cache\firebase\emulators\ui-v1.11.7\client\assets\img\database.png
[debug] [2023-09-26T07:44:48.679Z] [unzip] Entry: client/safari-pinned-tab.svg (compressed_size=838 bytes, uncompressed_size=1504 bytes)
[debug] [2023-09-26T07:44:48.680Z] [unzip] Processing entry: client\safari-pinned-tab.svg
[debug] [2023-09-26T07:44:48.680Z] [unzip] else mkdir: C:\Users\dhruv\.cache\firebase\emulators\ui-v1.11.7\client
[debug] [2023-09-26T07:44:48.680Z] [unzip] deflating: C:\Users\dhruv\.cache\firebase\emulators\ui-v1.11.7\client\safari-pinned-tab.svg
[debug] [2023-09-26T07:44:48.681Z] [unzip] Entry: client/mstile-150x150.png (compressed_size=5406 bytes, uncompressed_size=5723 bytes)
[debug] [2023-09-26T07:44:48.681Z] [unzip] Processing entry: client\mstile-150x150.png
[debug] [2023-09-26T07:44:48.681Z] [unzip] else mkdir: C:\Users\dhruv\.cache\firebase\emulators\ui-v1.11.7\client
[debug] [2023-09-26T07:44:48.682Z] [unzip] deflating: C:\Users\dhruv\.cache\firebase\emulators\ui-v1.11.7\client\mstile-150x150.png
[debug] [2023-09-26T07:44:48.683Z] [unzip] Entry: client/browserconfig.xml (compressed_size=491 bytes, uncompressed_size=822 bytes)
[debug] [2023-09-26T07:44:48.683Z] [unzip] Processing entry: client\browserconfig.xml
[debug] [2023-09-26T07:44:48.683Z] [unzip] else mkdir: C:\Users\dhruv\.cache\firebase\emulators\ui-v1.11.7\client
[debug] [2023-09-26T07:44:48.683Z] [unzip] deflating: C:\Users\dhruv\.cache\firebase\emulators\ui-v1.11.7\client\browserconfig.xml
[debug] [2023-09-26T07:44:48.685Z] [unzip] Entry: client/robots.txt (compressed_size=26 bytes, uncompressed_size=26 bytes)
[debug] [2023-09-26T07:44:48.685Z] [unzip] Processing entry: client\robots.txt
[debug] [2023-09-26T07:44:48.685Z] [unzip] else mkdir: C:\Users\dhruv\.cache\firebase\emulators\ui-v1.11.7\client
[debug] [2023-09-26T07:44:48.685Z] [unzip] Writing file: C:\Users\dhruv\.cache\firebase\emulators\ui-v1.11.7\client\robots.txt
[debug] [2023-09-26T07:44:48.686Z] [unzip] Entry: client/index.html (compressed_size=1363 bytes, uncompressed_size=3064 bytes)
[debug] [2023-09-26T07:44:48.686Z] [unzip] Processing entry: client\index.html
[debug] [2023-09-26T07:44:48.686Z] [unzip] else mkdir: C:\Users\dhruv\.cache\firebase\emulators\ui-v1.11.7\client
[debug] [2023-09-26T07:44:48.687Z] [unzip] deflating: C:\Users\dhruv\.cache\firebase\emulators\ui-v1.11.7\client\index.html
[debug] [2023-09-26T07:44:48.688Z] [unzip] Entry: client/favicon-16x16.png (compressed_size=757 bytes, uncompressed_size=777 bytes)
[debug] [2023-09-26T07:44:48.689Z] [unzip] Processing entry: client\favicon-16x16.png
[debug] [2023-09-26T07:44:48.689Z] [unzip] else mkdir: C:\Users\dhruv\.cache\firebase\emulators\ui-v1.11.7\client
[debug] [2023-09-26T07:44:48.689Z] [unzip] deflating: C:\Users\dhruv\.cache\firebase\emulators\ui-v1.11.7\client\favicon-16x16.png
[debug] [2023-09-26T07:44:48.690Z] [unzip] Entry: client/manifest.json (compressed_size=246 bytes, uncompressed_size=551 bytes)
[debug] [2023-09-26T07:44:48.691Z] [unzip] Processing entry: client\manifest.json
[debug] [2023-09-26T07:44:48.691Z] [unzip] else mkdir: C:\Users\dhruv\.cache\firebase\emulators\ui-v1.11.7\client
[debug] [2023-09-26T07:44:48.691Z] [unzip] deflating: C:\Users\dhruv\.cache\firebase\emulators\ui-v1.11.7\client\manifest.json
[debug] [2023-09-26T07:44:48.692Z] [unzip] Entry: client/favicon-32x32.png (compressed_size=1175 bytes, uncompressed_size=1175 bytes)
[debug] [2023-09-26T07:44:48.692Z] [unzip] Processing entry: client\favicon-32x32.png
[debug] [2023-09-26T07:44:48.692Z] [unzip] else mkdir: C:\Users\dhruv\.cache\firebase\emulators\ui-v1.11.7\client
[debug] [2023-09-26T07:44:48.693Z] [unzip] Writing file: C:\Users\dhruv\.cache\firebase\emulators\ui-v1.11.7\client\favicon-32x32.png
[debug] [2023-09-26T07:44:48.693Z] [unzip] Entry: client/android-chrome-192x192.png (compressed_size=7602 bytes, uncompressed_size=7834 bytes)
[debug] [2023-09-26T07:44:48.694Z] [unzip] Processing entry: client\android-chrome-192x192.png
[debug] [2023-09-26T07:44:48.694Z] [unzip] else mkdir: C:\Users\dhruv\.cache\firebase\emulators\ui-v1.11.7\client
[debug] [2023-09-26T07:44:48.694Z] [unzip] deflating: C:\Users\dhruv\.cache\firebase\emulators\ui-v1.11.7\client\android-chrome-192x192.png
[debug] [2023-09-26T07:44:48.695Z] [unzip] Entry: server/ (compressed_size=0 bytes, uncompressed_size=0 bytes)
[debug] [2023-09-26T07:44:48.695Z] [unzip] Processing entry: server\
[debug] [2023-09-26T07:44:48.695Z] [unzip] mkdir: C:\Users\dhruv\.cache\firebase\emulators\ui-v1.11.7\server\
[debug] [2023-09-26T07:44:48.695Z] [unzip] Entry: server/server.js (compressed_size=343746 bytes, uncompressed_size=1346374 bytes)
[debug] [2023-09-26T07:44:48.696Z] [unzip] Processing entry: server\server.js
[debug] [2023-09-26T07:44:48.696Z] [unzip] else mkdir: C:\Users\dhruv\.cache\firebase\emulators\ui-v1.11.7\server
[debug] [2023-09-26T07:44:48.696Z] [unzip] deflating: C:\Users\dhruv\.cache\firebase\emulators\ui-v1.11.7\server\server.js
[debug] [2023-09-26T07:44:48.706Z] [unzip] Entry: server/server.js.map (compressed_size=289157 bytes, uncompressed_size=1325651 bytes)
[debug] [2023-09-26T07:44:48.706Z] [unzip] Processing entry: server\server.js.map
[debug] [2023-09-26T07:44:48.706Z] [unzip] else mkdir: C:\Users\dhruv\.cache\firebase\emulators\ui-v1.11.7\server
[debug] [2023-09-26T07:44:48.706Z] [unzip] deflating: C:\Users\dhruv\.cache\firebase\emulators\ui-v1.11.7\server\server.js.map
[debug] [2023-09-26T07:44:48.717Z] Ignoring unsupported arg: auto_download {"metadata":{"emulator":{"name":"ui"},"message":"Ignoring unsupported arg: auto_download"}}
[debug] [2023-09-26T07:44:48.718Z] Ignoring unsupported arg: port {"metadata":{"emulator":{"name":"ui"},"message":"Ignoring unsupported arg: port"}}
[debug] [2023-09-26T07:44:48.718Z] Starting Emulator UI with command {"binary":"node","args":["C:\\Users\\dhruv\\.cache\\firebase\\emulators\\ui-v1.11.7\\server\\server.js"],"optionalArgs":[],"joinArgs":false} {"metadata":{"emulator":{"name":"ui"},"message":"Starting Emulator UI with command {\"binary\":\"node\",\"args\":[\"C:\\\\Users\\\\dhruv\\\\.cache\\\\firebase\\\\emulators\\\\ui-v1.11.7\\\\server\\\\server.js\"],\"optionalArgs\":[],\"joinArgs\":false}"}}
[info] i  ui: Emulator UI logging to ui-debug.log {"metadata":{"emulator":{"name":"ui"},"message":"Emulator UI logging to \u001b[1mui-debug.log\u001b[22m"}}
[debug] [2023-09-26T07:44:48.879Z] Web / API server started at 127.0.0.1:4000
 {"metadata":{"emulator":{"name":"ui"},"message":"Web / API server started at 127.0.0.1:4000\n"}}
[debug] [2023-09-26T07:44:48.880Z] Web / API server started at ::1:4000
 {"metadata":{"emulator":{"name":"ui"},"message":"Web / API server started at ::1:4000\n"}}
[info] 
┌─────────────────────────────────────────────────────────────┐
│ ✔  All emulators ready! It is now safe to connect your app. │
│ i  View Emulator UI at http://127.0.0.1:4000/               │
└─────────────────────────────────────────────────────────────┘

┌────────────────┬────────────────┬─────────────────────────────────┐
│ Emulator       │ Host:Port      │ View in Emulator UI             │
├────────────────┼────────────────┼─────────────────────────────────┤
│ Authentication │ 127.0.0.1:9099 │ http://127.0.0.1:4000/auth      │
├────────────────┼────────────────┼─────────────────────────────────┤
│ Firestore      │ 127.0.0.1:8080 │ http://127.0.0.1:4000/firestore │
├────────────────┼────────────────┼─────────────────────────────────┤
│ Hosting        │ 127.0.0.1:5000 │ n/a                             │
└────────────────┴────────────────┴─────────────────────────────────┘
  Emulator Hub running at 127.0.0.1:4400
  Other reserved ports: 4500, 9150

Issues? Report them at https://github.com/firebase/firebase-tools/issues and attach the *-debug.log files.
 
[debug] [2023-09-26T07:44:55.889Z] Sep 26, 2023 1:14:55 PM com.google.cloud.datastore.emulator.firestore.websocket.WebSocketChannelHandler initChannel
INFO: Connected to new websocket client
 {"metadata":{"emulator":{"name":"firestore"},"message":"Sep 26, 2023 1:14:55 PM com.google.cloud.datastore.emulator.firestore.websocket.WebSocketChannelHandler initChannel\r\nINFO: Connected to new websocket client\r\n"}}
[debug] [2023-09-26T07:45:58.680Z] Sep 26, 2023 1:15:58 PM com.google.cloud.datastore.emulator.firestore.websocket.WebSocketChannelHandler initChannel
INFO: Connected to new websocket client
 {"metadata":{"emulator":{"name":"firestore"},"message":"Sep 26, 2023 1:15:58 PM com.google.cloud.datastore.emulator.firestore.websocket.WebSocketChannelHandler initChannel\r\nINFO: Connected to new websocket client\r\n"}}
[debug] [2023-09-26T07:45:58.740Z] Sep 26, 2023 1:15:58 PM io.gapi.emulators.netty.HttpVersionRoutingHandler channelRead
INFO: Detected non-HTTP/2 connection.
 {"metadata":{"emulator":{"name":"firestore"},"message":"Sep 26, 2023 1:15:58 PM io.gapi.emulators.netty.HttpVersionRoutingHandler channelRead\r\nINFO: Detected non-HTTP/2 connection.\r\n"}}
[debug] [2023-09-26T07:45:58.999Z] Sep 26, 2023 1:15:58 PM io.gapi.emulators.netty.HttpVersionRoutingHandler channelRead
INFO: Detected HTTP/2 connection.
 {"metadata":{"emulator":{"name":"firestore"},"message":"Sep 26, 2023 1:15:58 PM io.gapi.emulators.netty.HttpVersionRoutingHandler channelRead\r\nINFO: Detected HTTP/2 connection.\r\n"}}
[debug] [2023-09-26T07:46:01.890Z] Sep 26, 2023 1:16:01 PM com.google.cloud.datastore.emulator.firestore.websocket.WebSocketChannelHandler channelClosed
INFO: Websocket client disconnected
 {"metadata":{"emulator":{"name":"firestore"},"message":"Sep 26, 2023 1:16:01 PM com.google.cloud.datastore.emulator.firestore.websocket.WebSocketChannelHandler channelClosed\r\nINFO: Websocket client disconnected\r\n"}}
[debug] [2023-09-26T08:08:58.183Z] Sep 26, 2023 1:38:58 PM com.google.cloud.datastore.emulator.firestore.websocket.WebSocketChannelHandler channelClosed
INFO: Websocket client disconnected
 {"metadata":{"emulator":{"name":"firestore"},"message":"Sep 26, 2023 1:38:58 PM com.google.cloud.datastore.emulator.firestore.websocket.WebSocketChannelHandler channelClosed\r\nINFO: Websocket client disconnected\r\n"}}
